<?xml version="1.0" encoding="UTF-8"?>
<testng-results skipped="0" failed="0" ignored="0" total="1" passed="1">
  <reporter-output>
  </reporter-output>
  <suite name="Default suite" duration-ms="33308" started-at="2018-06-23T05:09:18Z" finished-at="2018-06-23T05:09:52Z">
    <groups>
    </groups>
    <test name="Default test" duration-ms="33308" started-at="2018-06-23T05:09:18Z" finished-at="2018-06-23T05:09:52Z">
      <class name="FindByPractice.POMmain">
        <test-method status="PASS" signature="set1()[pri:0, instance:FindByPractice.POMmain@63440df3]" name="set1" is-config="true" duration-ms="32102" started-at="2018-06-23T05:09:18Z" finished-at="2018-06-23T05:09:50Z">
          <reporter-output>
          </reporter-output>
        </test-method> <!-- set1 -->
        <test-method status="PASS" signature="testLogin()[pri:0, instance:FindByPractice.POMmain@63440df3]" name="testLogin" duration-ms="345" started-at="2018-06-23T05:09:51Z" finished-at="2018-06-23T05:09:51Z">
          <reporter-output>
          </reporter-output>
        </test-method> <!-- testLogin -->
        <test-method status="PASS" signature="quit1()[pri:0, instance:FindByPractice.POMmain@63440df3]" name="quit1" is-config="true" duration-ms="812" started-at="2018-06-23T05:09:51Z" finished-at="2018-06-23T05:09:52Z">
          <reporter-output>
          </reporter-output>
        </test-method> <!-- quit1 -->
      </class> <!-- FindByPractice.POMmain -->
    </test> <!-- Default test -->
  </suite> <!-- Default suite -->
</testng-results>
