<?xml version="1.0" encoding="UTF-8"?>
<!-- Generated by org.testng.reporters.JUnitXMLReporter -->
<testsuite hostname="Deepak-PC" ignored="2" name="Default test" tests="1" failures="0" timestamp="14 Jun 2018 18:53:40 GMT" time="20.233" errors="0">
  <testcase name="visible" time="8.21" classname="com.com.Deepak.DropDown"/>
  <testcase name="value" time="0.0" classname="com.com.Deepak.DropDown">
    <ignored/>
  </testcase> <!-- value -->
  <testcase name="index" time="0.0" classname="com.com.Deepak.DropDown">
    <ignored/>
  </testcase> <!-- index -->
</testsuite> <!-- Default test -->
