<?xml version="1.0" encoding="UTF-8"?>
<testng-results skipped="0" failed="0" ignored="0" total="1" passed="1">
  <reporter-output>
  </reporter-output>
  <suite name="Default suite" duration-ms="113372" started-at="2018-06-03T05:16:13Z" finished-at="2018-06-03T05:18:06Z">
    <groups>
    </groups>
    <test name="Default test" duration-ms="113372" started-at="2018-06-03T05:16:13Z" finished-at="2018-06-03T05:18:06Z">
      <class name="com.Appium.MobileFacebook">
        <test-method status="PASS" signature="beforeTest()[pri:0, instance:com.Appium.MobileFacebook@87f383f]" name="beforeTest" is-config="true" duration-ms="109071" started-at="2018-06-03T05:16:13Z" finished-at="2018-06-03T05:18:02Z">
          <reporter-output>
          </reporter-output>
        </test-method> <!-- beforeTest -->
        <test-method status="PASS" signature="f()[pri:0, instance:com.Appium.MobileFacebook@87f383f]" name="f" duration-ms="1474" started-at="2018-06-03T05:18:02Z" finished-at="2018-06-03T05:18:04Z">
          <reporter-output>
          </reporter-output>
        </test-method> <!-- f -->
        <test-method status="PASS" signature="afterTest()[pri:0, instance:com.Appium.MobileFacebook@87f383f]" name="afterTest" is-config="true" duration-ms="2781" started-at="2018-06-03T05:18:04Z" finished-at="2018-06-03T05:18:06Z">
          <reporter-output>
          </reporter-output>
        </test-method> <!-- afterTest -->
      </class> <!-- com.Appium.MobileFacebook -->
    </test> <!-- Default test -->
  </suite> <!-- Default suite -->
</testng-results>
