<?xml version="1.0" encoding="UTF-8"?>
<testng-results skipped="0" failed="0" ignored="2" total="3" passed="1">
  <reporter-output>
  </reporter-output>
  <suite name="Default suite" duration-ms="20233" started-at="2018-06-14T18:53:19Z" finished-at="2018-06-14T18:53:40Z">
    <groups>
    </groups>
    <test name="Default test" duration-ms="20233" started-at="2018-06-14T18:53:19Z" finished-at="2018-06-14T18:53:40Z">
      <class name="com.com.Deepak.DropDown">
        <test-method status="PASS" signature="beforeMethod()[pri:0, instance:com.com.Deepak.DropDown@e320068]" name="beforeMethod" is-config="true" duration-ms="6232" started-at="2018-06-14T18:53:19Z" finished-at="2018-06-14T18:53:26Z">
          <reporter-output>
          </reporter-output>
        </test-method> <!-- beforeMethod -->
        <test-method status="PASS" signature="visible()[pri:2, instance:com.com.Deepak.DropDown@e320068]" name="visible" duration-ms="8210" started-at="2018-06-14T18:53:26Z" finished-at="2018-06-14T18:53:34Z">
          <reporter-output>
          </reporter-output>
        </test-method> <!-- visible -->
        <test-method status="PASS" signature="afterMethod()[pri:0, instance:com.com.Deepak.DropDown@e320068]" name="afterMethod" is-config="true" duration-ms="5745" started-at="2018-06-14T18:53:34Z" finished-at="2018-06-14T18:53:40Z">
          <reporter-output>
          </reporter-output>
        </test-method> <!-- afterMethod -->
      </class> <!-- com.com.Deepak.DropDown -->
    </test> <!-- Default test -->
  </suite> <!-- Default suite -->
</testng-results>
