<?xml version="1.0" encoding="UTF-8"?>
<testng-results skipped="0" failed="0" ignored="0" total="2" passed="2">
  <reporter-output>
  </reporter-output>
  <suite name="Default suite" duration-ms="48" started-at="2018-06-07T15:59:03Z" finished-at="2018-06-07T15:59:03Z">
    <groups>
    </groups>
    <test name="Default test" duration-ms="48" started-at="2018-06-07T15:59:03Z" finished-at="2018-06-07T15:59:03Z">
      <class name="org.Maven.com.MavenProject.AllAnnotatations">
        <test-method status="PASS" signature="beforeSuite()[pri:0, instance:org.Maven.com.MavenProject.AllAnnotatations@eafc191]" name="beforeSuite" is-config="true" duration-ms="19" started-at="2018-06-07T15:59:03Z" finished-at="2018-06-07T15:59:03Z">
          <reporter-output>
          </reporter-output>
        </test-method> <!-- beforeSuite -->
        <test-method status="PASS" signature="beforeTest()[pri:0, instance:org.Maven.com.MavenProject.AllAnnotatations@eafc191]" name="beforeTest" is-config="true" duration-ms="2" started-at="2018-06-07T15:59:03Z" finished-at="2018-06-07T15:59:03Z">
          <reporter-output>
          </reporter-output>
        </test-method> <!-- beforeTest -->
        <test-method status="PASS" signature="beforeClass()[pri:0, instance:org.Maven.com.MavenProject.AllAnnotatations@eafc191]" name="beforeClass" is-config="true" duration-ms="0" started-at="2018-06-07T15:59:03Z" finished-at="2018-06-07T15:59:03Z">
          <reporter-output>
          </reporter-output>
        </test-method> <!-- beforeClass -->
        <test-method status="PASS" signature="beforeMethod()[pri:0, instance:org.Maven.com.MavenProject.AllAnnotatations@eafc191]" name="beforeMethod" is-config="true" duration-ms="0" started-at="2018-06-07T15:59:03Z" finished-at="2018-06-07T15:59:03Z">
          <reporter-output>
          </reporter-output>
        </test-method> <!-- beforeMethod -->
        <test-method status="PASS" signature="f()[pri:0, instance:org.Maven.com.MavenProject.AllAnnotatations@eafc191]" name="f" duration-ms="7" started-at="2018-06-07T15:59:03Z" finished-at="2018-06-07T15:59:03Z">
          <reporter-output>
          </reporter-output>
        </test-method> <!-- f -->
        <test-method status="PASS" signature="afterMethod()[pri:0, instance:org.Maven.com.MavenProject.AllAnnotatations@eafc191]" name="afterMethod" is-config="true" duration-ms="1" started-at="2018-06-07T15:59:03Z" finished-at="2018-06-07T15:59:03Z">
          <reporter-output>
          </reporter-output>
        </test-method> <!-- afterMethod -->
        <test-method status="PASS" signature="beforeMethod()[pri:0, instance:org.Maven.com.MavenProject.AllAnnotatations@eafc191]" name="beforeMethod" is-config="true" duration-ms="1" started-at="2018-06-07T15:59:03Z" finished-at="2018-06-07T15:59:03Z">
          <reporter-output>
          </reporter-output>
        </test-method> <!-- beforeMethod -->
        <test-method status="PASS" signature="j()[pri:0, instance:org.Maven.com.MavenProject.AllAnnotatations@eafc191]" name="j" duration-ms="2" started-at="2018-06-07T15:59:03Z" finished-at="2018-06-07T15:59:03Z">
          <reporter-output>
          </reporter-output>
        </test-method> <!-- j -->
        <test-method status="PASS" signature="afterMethod()[pri:0, instance:org.Maven.com.MavenProject.AllAnnotatations@eafc191]" name="afterMethod" is-config="true" duration-ms="1" started-at="2018-06-07T15:59:03Z" finished-at="2018-06-07T15:59:03Z">
          <reporter-output>
          </reporter-output>
        </test-method> <!-- afterMethod -->
        <test-method status="PASS" signature="afterClass()[pri:0, instance:org.Maven.com.MavenProject.AllAnnotatations@eafc191]" name="afterClass" is-config="true" duration-ms="1" started-at="2018-06-07T15:59:03Z" finished-at="2018-06-07T15:59:03Z">
          <reporter-output>
          </reporter-output>
        </test-method> <!-- afterClass -->
        <test-method status="PASS" signature="afterTest()[pri:0, instance:org.Maven.com.MavenProject.AllAnnotatations@eafc191]" name="afterTest" is-config="true" duration-ms="0" started-at="2018-06-07T15:59:03Z" finished-at="2018-06-07T15:59:03Z">
          <reporter-output>
          </reporter-output>
        </test-method> <!-- afterTest -->
        <test-method status="PASS" signature="afterSuite()[pri:0, instance:org.Maven.com.MavenProject.AllAnnotatations@eafc191]" name="afterSuite" is-config="true" duration-ms="1" started-at="2018-06-07T15:59:03Z" finished-at="2018-06-07T15:59:03Z">
          <reporter-output>
          </reporter-output>
        </test-method> <!-- afterSuite -->
      </class> <!-- org.Maven.com.MavenProject.AllAnnotatations -->
    </test> <!-- Default test -->
  </suite> <!-- Default suite -->
</testng-results>
